[debug] [2022-05-24T15:10:14.357Z] ----------------------------------------------------------------------
[debug] [2022-05-24T15:10:14.359Z] Command:       C:\Program Files\nodejs\node.exe C:\Users\diacp\AppData\Roaming\npm\node_modules\firebase-tools\lib\bin\firebase.js init
[debug] [2022-05-24T15:10:14.360Z] CLI Version:   10.8.0
[debug] [2022-05-24T15:10:14.360Z] Platform:      win32
[debug] [2022-05-24T15:10:14.360Z] Node Version:  v16.14.0
[debug] [2022-05-24T15:10:14.361Z] Time:          Tue May 24 2022 18:10:14 GMT+0300 (Eastern European Summer Time)
[debug] [2022-05-24T15:10:14.361Z] ----------------------------------------------------------------------
[debug] 
[debug] [2022-05-24T15:10:14.424Z] > command requires scopes: ["email","openid","https://www.googleapis.com/auth/cloudplatformprojects.readonly","https://www.googleapis.com/auth/firebase","https://www.googleapis.com/auth/cloud-platform"]
[debug] [2022-05-24T15:10:14.424Z] > authorizing via signed-in user (diacpaul12@gmail.com)
[info] 
     ######## #### ########  ######## ########     ###     ######  ########
     ##        ##  ##     ## ##       ##     ##  ##   ##  ##       ##
     ######    ##  ########  ######   ########  #########  ######  ######
     ##        ##  ##    ##  ##       ##     ## ##     ##       ## ##
     ##       #### ##     ## ######## ########  ##     ##  ######  ########

You're about to initialize a Firebase project in this directory:

  D:\Licenta\online-library-licenta-diac-paul

Before we get started, keep in mind:

  * You are initializing within an existing Firebase project directory

[info] 
=== Project Setup
[info] 
[info] First, let's associate this project directory with a Firebase project.
[info] You can create multiple project aliases by running firebase use --add, 
[info] but for now we'll just set up a default project.
[info] 
[debug] [2022-05-24T15:14:08.320Z] Using project from CLI flag: biblioteca-online-licenta
[debug] [2022-05-24T15:14:08.323Z] >>> [apiv2][query] GET https://firebase.googleapis.com/v1beta1/projects/biblioteca-online-licenta [none]
[debug] [2022-05-24T15:14:08.724Z] <<< [apiv2][status] GET https://firebase.googleapis.com/v1beta1/projects/biblioteca-online-licenta 200
[debug] [2022-05-24T15:14:08.724Z] <<< [apiv2][body] GET https://firebase.googleapis.com/v1beta1/projects/biblioteca-online-licenta {"projectId":"biblioteca-online-licenta","projectNumber":"583797316598","displayName":"biblioteca-online-licenta","name":"projects/biblioteca-online-licenta","resources":{"hostingSite":"biblioteca-online-licenta","storageBucket":"biblioteca-online-licenta.appspot.com","locationId":"us-central"},"state":"ACTIVE"}
[info] i  Using project biblioteca-online-licenta (biblioteca-online-licenta) 
[info] 
=== Hosting:github Setup
[info] 
[info] i  Detected a .git folder at D:\Licenta\online-library-licenta-diac-paul 
[info] i  Authorizing with GitHub to upload your service account to a GitHub repository's secrets store. 
[info] 
[info] Visit this URL on this device to log in:
[info] https://github.com/login/oauth/authorize?client_id=89cf50f02ac6aaed3484&state=20922079&redirect_uri=http%3A%2F%2Flocalhost%3A9005&scope=read%3Auser%20repo%20public_repo
[info] 
[info] Waiting for authentication...
[debug] [2022-05-24T15:14:09.282Z] >>> HTTP REQUEST POST https://github.com/login/oauth/access_token  
 {"client_id":"89cf50f02ac6aaed3484","client_secret":"3330d14abc895d9a74d5f17cd7a00711fa2c5bf0","code":"7984ba2bb955651ce07a","redirect_uri":"http://localhost:9005","state":"20922079"}
[debug] [2022-05-24T15:14:09.586Z] <<< HTTP RESPONSE 200 {"server":"GitHub.com","date":"Tue, 24 May 2022 15:14:09 GMT","content-type":"application/json; charset=utf-8","transfer-encoding":"chunked","vary":"X-PJAX, X-PJAX-Container, Turbo-Visit, Turbo-Frame, Accept-Encoding, Accept, X-Requested-With","permissions-policy":"interest-cohort=()","etag":"W/\"0832ba14aee1610ba508ea5970d4f5af\"","cache-control":"max-age=0, private, must-revalidate","strict-transport-security":"max-age=31536000; includeSubdomains; preload","x-frame-options":"deny","x-content-type-options":"nosniff","x-xss-protection":"0","referrer-policy":"origin-when-cross-origin, strict-origin-when-cross-origin","expect-ct":"max-age=2592000, report-uri=\"https://api.github.com/_private/browser/errors\"","content-security-policy":"default-src 'none'; base-uri 'self'; block-all-mixed-content; child-src github.com/assets-cdn/worker/ gist.github.com/assets-cdn/worker/; connect-src 'self' uploads.github.com objects-origin.githubusercontent.com www.githubstatus.com collector.github.com raw.githubusercontent.com api.github.com github-cloud.s3.amazonaws.com github-production-repository-file-5c1aeb.s3.amazonaws.com github-production-upload-manifest-file-7fdce7.s3.amazonaws.com github-production-user-asset-6210df.s3.amazonaws.com cdn.optimizely.com logx.optimizely.com/v1/events *.actions.githubusercontent.com wss://*.actions.githubusercontent.com online.visualstudio.com/api/v1/locations github-production-repository-image-32fea6.s3.amazonaws.com github-production-release-asset-2e65be.s3.amazonaws.com insights.github.com wss://alive.github.com; font-src github.githubassets.com; form-action 'self' github.com gist.github.com objects-origin.githubusercontent.com; frame-ancestors 'none'; frame-src render.githubusercontent.com viewscreen.githubusercontent.com notebooks.githubusercontent.com; img-src 'self' data: github.githubassets.com identicons.github.com github-cloud.s3.amazonaws.com secured-user-images.githubusercontent.com/ *.githubusercontent.com; manifest-src 'self'; media-src github.com user-images.githubusercontent.com/; script-src github.githubassets.com; style-src 'unsafe-inline' github.githubassets.com; worker-src github.com/assets-cdn/worker/ gist.github.com/assets-cdn/worker/","x-github-request-id":"C634:8722:4D0917:52F1D8:628CF641"}
[debug] [2022-05-24T15:14:09.605Z] >>> [apiv2][query] GET https://api.github.com/user [none]
[debug] [2022-05-24T15:14:09.916Z] <<< [apiv2][status] GET https://api.github.com/user 200
[debug] [2022-05-24T15:14:09.916Z] <<< [apiv2][body] GET https://api.github.com/user {"login":"diacpaul09","id":61167007,"node_id":"MDQ6VXNlcjYxMTY3MDA3","avatar_url":"https://avatars.githubusercontent.com/u/61167007?v=4","gravatar_id":"","url":"https://api.github.com/users/diacpaul09","html_url":"https://github.com/diacpaul09","followers_url":"https://api.github.com/users/diacpaul09/followers","following_url":"https://api.github.com/users/diacpaul09/following{/other_user}","gists_url":"https://api.github.com/users/diacpaul09/gists{/gist_id}","starred_url":"https://api.github.com/users/diacpaul09/starred{/owner}{/repo}","subscriptions_url":"https://api.github.com/users/diacpaul09/subscriptions","organizations_url":"https://api.github.com/users/diacpaul09/orgs","repos_url":"https://api.github.com/users/diacpaul09/repos","events_url":"https://api.github.com/users/diacpaul09/events{/privacy}","received_events_url":"https://api.github.com/users/diacpaul09/received_events","type":"User","site_admin":false,"name":null,"company":null,"blog":"","location":null,"email":null,"hireable":null,"bio":null,"twitter_username":null,"public_repos":3,"public_gists":0,"followers":0,"following":0,"created_at":"2020-02-17T22:00:13Z","updated_at":"2022-04-21T15:15:23Z","private_gists":0,"total_private_repos":4,"owned_private_repos":4,"disk_usage":14517,"collaborators":0,"two_factor_authentication":false,"plan":{"name":"free","space":976562499,"collaborators":0,"private_repos":10000}}
[info] 
[info] +  Success! Logged into GitHub as diacpaul09 
[info] 
